Build started 7/9/2014 11:06:04 AM.
Project "C:\ProjectRO\vcproj-12\mapcache.vcxproj" on node 2 (Rebuild target(s)).
Project file contains ToolsVersion="12.0". This toolset may be unknown or missing, in which case you may be able to resolve this by installing the appropriate version of MSBuild, or the build may have been forced to a particular ToolsVersion for policy reasons. Treating the project as if it had ToolsVersion="4.0". For more information, please see http://go.microsoft.com/fwlink/?LinkId=291333.
ClCompile:
  C:\Program Files (x86)\Microsoft Visual Studio 11.0\VC\bin\CL.exe /c /I..\3rdparty\libconfig /I..\3rdparty\zlib\include /I..\3rdparty\msinttypes\include /Zi /nologo /W3 /WX- /MP /O2 /Ob2 /Oi /Ot /Oy /GT /GL /D WIN32 /D _WIN32 /D __WIN32 /D NDEBUG /D _CRT_SECURE_NO_DEPRECATE /D _CRT_NONSTDC_NO_DEPRECATE /D MINICORE /D LIBCONFIG_STATIC /D YY_USE_CONST /D _MBCS /GF /Gm- /EHsc /MT /GS /Gy- /fp:precise /Zc:wchar_t /Zc:forScope /Fo"mapcache\Release\\" /Fd"mapcache\Release\vc110.pdb" /Gd /TC /analyze- /errorReport:prompt ..\src\common\core.c ..\src\common\console.c ..\src\common\des.c ..\src\common\grfio.c ..\src\common\malloc.c ..\src\common\showmsg.c ..\src\common\strlib.c ..\src\common\sysinfo.c ..\src\common\utils.c ..\src\common\nullpo.c ..\src\tool\mapcache.c
  core.c
  console.c
  des.c
  grfio.c
  malloc.c
  showmsg.c
  strlib.c
  sysinfo.c
  utils.c
  nullpo.c
  mapcache.c
Link:
  C:\Program Files (x86)\Microsoft Visual Studio 11.0\VC\bin\link.exe /ERRORREPORT:PROMPT /OUT:"..\mapcache.exe" /INCREMENTAL:NO /NOLOGO /LIBPATH:..\3rdparty\zlib\lib libcmt.lib oldnames.lib zdll.lib kernel32.lib user32.lib gdi32.lib winspool.lib comdlg32.lib advapi32.lib shell32.lib ole32.lib oleaut32.lib uuid.lib odbc32.lib odbccp32.lib /NODEFAULTLIB /MANIFEST /MANIFESTUAC:"level='asInvoker' uiAccess='false'" /manifest:embed /DEBUG /PDB:"..\mapcache.pdb" /SUBSYSTEM:CONSOLE /OPT:REF /OPT:ICF /LTCG /TLBID:1 /DYNAMICBASE:NO /IMPLIB:"..\mapcache.lib" /MACHINE:X86 /SAFESEH:NO mapcache\Release\core.obj
  mapcache\Release\console.obj
  mapcache\Release\des.obj
  mapcache\Release\grfio.obj
  mapcache\Release\malloc.obj
  mapcache\Release\showmsg.obj
  mapcache\Release\strlib.obj
  mapcache\Release\sysinfo.obj
  mapcache\Release\utils.obj
  mapcache\Release\nullpo.obj
  mapcache\Release\mapcache.obj
  Generating code
  Finished generating code
  mapcache.vcxproj -> C:\ProjectRO\vcproj-12\..\mapcache.exe
Done Building Project "C:\ProjectRO\vcproj-12\mapcache.vcxproj" (Rebuild target(s)).

Build succeeded.

Time Elapsed 00:00:03.80
