Build started 7/9/2014 11:05:51 AM.
Project "C:\ProjectRO\vcproj-12\login-server.vcxproj" on node 2 (Rebuild target(s)).
Project file contains ToolsVersion="12.0". This toolset may be unknown or missing, in which case you may be able to resolve this by installing the appropriate version of MSBuild, or the build may have been forced to a particular ToolsVersion for policy reasons. Treating the project as if it had ToolsVersion="4.0". For more information, please see http://go.microsoft.com/fwlink/?LinkId=291333.
ClCompile:
  C:\Program Files (x86)\Microsoft Visual Studio 11.0\VC\bin\CL.exe /c /I..\3rdparty\libconfig /I..\3rdparty\mysql\include /I..\3rdparty\msinttypes\include /I..\3rdparty\mt19937ar /Zi /nologo /W3 /WX- /MP /O2 /Ob2 /Oi /Ot /Oy /GT /GL /D WIN32 /D _WIN32 /D __WIN32 /D NDEBUG /D _CRT_SECURE_NO_DEPRECATE /D _CRT_NONSTDC_NO_DEPRECATE /D FD_SETSIZE=4096 /D WITH_SQL /D LIBCONFIG_STATIC /D YY_USE_CONST /D _VC80_UPGRADE=0x0710 /D _MBCS /GF /Gm- /EHsc /MT /GS /fp:precise /Zc:wchar_t /Zc:forScope /Fo"login-server\Release\\" /Fd"login-server\Release\vc110.pdb" /Gd /TC /wd4100 /wd4800 /analyze- /errorReport:prompt ..\3rdparty\libconfig\grammar.c ..\3rdparty\libconfig\libconfig.c ..\3rdparty\libconfig\scanctx.c ..\3rdparty\libconfig\scanner.c ..\3rdparty\libconfig\strbuf.c ..\src\common\mutex.c ..\src\common\thread.c ..\src\login\account_sql.c ..\src\login\ipban_sql.c ..\src\login\login.c ..\src\login\loginlog_sql.c ..\src\common\conf.c ..\src\common\core.c ..\src\common\console.c ..\src\common\db.c ..\src\common\ers.c ..\src\common\HPM.c ..\src\common\malloc.c ..\src\common\md5calc.c ..\src\common\nullpo.c ..\src\common\random.c ..\src\common\showmsg.c ..\src\common\socket.c ..\src\common\sql.c ..\src\common\strlib.c ..\src\common\sysinfo.c ..\src\common\timer.c ..\src\common\utils.c ..\3rdparty\mt19937ar\mt19937ar.c
  grammar.c
  libconfig.c
  scanctx.c
  scanner.c
  strbuf.c
  mutex.c
  thread.c
  account_sql.c
  ipban_sql.c
  login.c
  loginlog_sql.c
  conf.c
  core.c
  console.c
  db.c
  ers.c
  HPM.c
  malloc.c
  md5calc.c
  nullpo.c
  Compiling...
  random.c
  showmsg.c
  socket.c
  sql.c
  strlib.c
  sysinfo.c
  timer.c
  utils.c
  mt19937ar.c
Link:
  C:\Program Files (x86)\Microsoft Visual Studio 11.0\VC\bin\link.exe /ERRORREPORT:PROMPT /OUT:"..\login-server.exe" /INCREMENTAL:NO /NOLOGO /LIBPATH:..\3rdparty\mysql\lib libcmt.lib oldnames.lib ws2_32.lib libmysql.lib kernel32.lib user32.lib gdi32.lib winspool.lib comdlg32.lib advapi32.lib shell32.lib ole32.lib oleaut32.lib uuid.lib odbc32.lib odbccp32.lib /NODEFAULTLIB /MANIFEST /MANIFESTUAC:"level='asInvoker' uiAccess='false'" /manifest:embed /DEBUG /PDB:"..\login-server.pdb" /SUBSYSTEM:CONSOLE /OPT:REF /OPT:ICF /LTCG /TLBID:1 /DYNAMICBASE:NO /IMPLIB:"..\login-server.lib" /MACHINE:X86 /SAFESEH:NO "login-server\Release\grammar.obj"
  "login-server\Release\libconfig.obj"
  "login-server\Release\scanctx.obj"
  "login-server\Release\scanner.obj"
  "login-server\Release\strbuf.obj"
  "login-server\Release\mutex.obj"
  "login-server\Release\thread.obj"
  "login-server\Release\account_sql.obj"
  "login-server\Release\ipban_sql.obj"
  "login-server\Release\login.obj"
  "login-server\Release\loginlog_sql.obj"
  "login-server\Release\conf.obj"
  "login-server\Release\core.obj"
  "login-server\Release\console.obj"
  "login-server\Release\db.obj"
  "login-server\Release\ers.obj"
  "login-server\Release\HPM.obj"
  "login-server\Release\malloc.obj"
  "login-server\Release\md5calc.obj"
  "login-server\Release\nullpo.obj"
  "login-server\Release\random.obj"
  "login-server\Release\showmsg.obj"
  "login-server\Release\socket.obj"
  "login-server\Release\sql.obj"
  "login-server\Release\strlib.obj"
  "login-server\Release\sysinfo.obj"
  "login-server\Release\timer.obj"
  "login-server\Release\utils.obj"
  "login-server\Release\mt19937ar.obj"
     Creating library ..\login-server.lib and object ..\login-server.exp
  Generating code
  Finished generating code
  login-server.vcxproj -> C:\ProjectRO\vcproj-12\..\login-server.exe
Done Building Project "C:\ProjectRO\vcproj-12\login-server.vcxproj" (Rebuild target(s)).

Build succeeded.

Time Elapsed 00:00:12.93
