c:\rtales\trunk\costumeitem\costumeitem\costumeitem.obj
c:\rtales\trunk\costumeitem\costumeitem\vc110.pdb
c:\rtales\trunk\plugins\costumeitem.lib
c:\rtales\trunk\plugins\costumeitem.exp
c:\rtales\trunk\plugins\costumeitem.dll
c:\rtales\trunk\plugins\costumeitem.pdb
c:\users\exc\desktop\ro tools\server rt\trunk\costumeitem\costumeitem\costumeitem.obj
c:\users\exc\desktop\ro tools\server rt\trunk\costumeitem\costumeitem\cl.command.1.tlog
c:\users\exc\desktop\ro tools\server rt\trunk\costumeitem\costumeitem\cl.read.1.tlog
c:\users\exc\desktop\ro tools\server rt\trunk\costumeitem\costumeitem\cl.write.1.tlog
c:\users\exc\desktop\ro tools\server rt\trunk\costumeitem\costumeitem\costumeitem.write.1.tlog
c:\users\exc\desktop\ro tools\server rt\trunk\costumeitem\costumeitem\link-cvtres.read.1.tlog
c:\users\exc\desktop\ro tools\server rt\trunk\costumeitem\costumeitem\link-cvtres.write.1.tlog
c:\users\exc\desktop\ro tools\server rt\trunk\costumeitem\costumeitem\link-rc.read.1.tlog
c:\users\exc\desktop\ro tools\server rt\trunk\costumeitem\costumeitem\link-rc.write.1.tlog
c:\users\exc\desktop\ro tools\server rt\trunk\costumeitem\costumeitem\link.command.1.tlog
c:\users\exc\desktop\ro tools\server rt\trunk\costumeitem\costumeitem\link.read.1.tlog
c:\users\exc\desktop\ro tools\server rt\trunk\costumeitem\costumeitem\link.write.1.tlog
c:\users\exc\desktop\ro tools\server rt\trunk\costumeitem\costumeitem\vc110.pdb
c:\users\exc\desktop\ro tools\server rt\trunk\costumeitem\..\plugins\costumeitem.dll
